<?xml version="1.0" encoding="UTF-8"?>
<!-- Generated by org.testng.reporters.JUnitXMLReporter -->
<testsuite ignored="2" hostname="LAPTOP-0QR6FBLF" failures="0" tests="2" name="Test" time="5.703" errors="0" timestamp="2025-04-25T12:05:39 IST">
  <testcase classname="com.OrangeHRM.GroupsTest" name="m1" time="5.652"/>
  <testcase classname="com.OrangeHRM.GroupsTest" name="m2" time="0.002"/>
  <testcase classname="com.OrangeHRM.GroupsTest" name="m3" time="0.0">
    <ignored/>
  </testcase> <!-- m3 -->
  <testcase classname="com.OrangeHRM.Assertion" name="ALogin" time="0.0">
    <ignored/>
  </testcase> <!-- ALogin -->
</testsuite> <!-- Test -->
