<?xml version="1.0" encoding="UTF-8"?>
<!-- Generated by org.testng.reporters.JUnitXMLReporter -->
<testsuite ignored="1" hostname="LAPTOP-0QR6FBLF" failures="0" tests="2" name="GRP-sanity" time="0.055" errors="0" timestamp="2025-04-23T18:06:59 IST">
  <testcase classname="com.OrangeHRM.GroupsTest" name="m2" time="0.009"/>
  <testcase classname="com.OrangeHRM.GroupsTest" name="m3" time="0.002"/>
  <testcase classname="com.OrangeHRM.GroupsTest" name="m1" time="0.0">
    <ignored/>
  </testcase> <!-- m1 -->
</testsuite> <!-- GRP-sanity -->
