<?xml version="1.0" encoding="UTF-8"?>
<!-- Generated by org.testng.reporters.JUnitXMLReporter -->
<testsuite ignored="2" hostname="LAPTOP-0QR6FBLF" failures="0" tests="1" name="GRP-regression" time="0.049" errors="0" timestamp="2025-04-23T18:05:10 IST">
  <testcase classname="com.OrangeHRM.GroupsTest" name="m1" time="0.012"/>
  <testcase classname="com.OrangeHRM.GroupsTest" name="m2" time="0.0">
    <ignored/>
  </testcase> <!-- m2 -->
  <testcase classname="com.OrangeHRM.GroupsTest" name="m3" time="0.0">
    <ignored/>
  </testcase> <!-- m3 -->
</testsuite> <!-- GRP-regression -->
